<?xml version="1.0" encoding="UTF-8" ?>
<testsuite tests="12" failures="0" name="com.bcorpse.TestHelloOptional" time="0.128" errors="0" skipped="0">
  <properties>
    <property name="java.runtime.name" value="OpenJDK Runtime Environment"/>
    <property name="sun.boot.library.path" value="/Users/socool/.sdkman/candidates/java/8.0.181-zulu/jre/lib"/>
    <property name="java.vm.version" value="25.181-b02"/>
    <property name="gopherProxySet" value="false"/>
    <property name="java.vm.vendor" value="Azul Systems, Inc."/>
    <property name="maven.multiModuleProjectDirectory" value="/Users/socool/Documents/CodeWork/Java/Java8/java-optional"/>
    <property name="java.vendor.url" value="http://www.azulsystems.com/"/>
    <property name="path.separator" value=":"/>
    <property name="guice.disable.misplaced.annotation.check" value="true"/>
    <property name="java.vm.name" value="OpenJDK 64-Bit Server VM"/>
    <property name="file.encoding.pkg" value="sun.io"/>
    <property name="user.country" value="TH"/>
    <property name="sun.java.launcher" value="SUN_STANDARD"/>
    <property name="sun.os.patch.level" value="unknown"/>
    <property name="java.vm.specification.name" value="Java Virtual Machine Specification"/>
    <property name="user.dir" value="/Users/socool/Documents/CodeWork/Java/Java8/java-optional"/>
    <property name="java.runtime.version" value="1.8.0_181-b02"/>
    <property name="java.awt.graphicsenv" value="sun.awt.CGraphicsEnvironment"/>
    <property name="java.endorsed.dirs" value="/Users/socool/.sdkman/candidates/java/8.0.181-zulu/jre/lib/endorsed"/>
    <property name="os.arch" value="x86_64"/>
    <property name="java.io.tmpdir" value="/var/folders/v8/lsv3n1751zq_c3sy3p68q9jr0000gn/T/"/>
    <property name="line.separator" value="
"/>
    <property name="java.vm.specification.vendor" value="Oracle Corporation"/>
    <property name="os.name" value="Mac OS X"/>
    <property name="classworlds.conf" value="/usr/local/Cellar/maven/3.5.3/libexec/bin/m2.conf"/>
    <property name="sun.jnu.encoding" value="UTF-8"/>
    <property name="java.library.path" value="/Users/socool/Library/Java/Extensions:/Library/Java/Extensions:/Network/Library/Java/Extensions:/System/Library/Java/Extensions:/usr/lib/java:."/>
    <property name="maven.conf" value="/usr/local/Cellar/maven/3.5.3/libexec/conf"/>
    <property name="java.specification.name" value="Java Platform API Specification"/>
    <property name="java.class.version" value="52.0"/>
    <property name="sun.management.compiler" value="HotSpot 64-Bit Tiered Compilers"/>
    <property name="os.version" value="10.12.6"/>
    <property name="library.jansi.path" value="/usr/local/Cellar/maven/3.5.3/libexec/lib/jansi-native"/>
    <property name="http.nonProxyHosts" value="local|*.local|169.254/16|*.169.254/16"/>
    <property name="user.home" value="/Users/socool"/>
    <property name="user.timezone" value="Asia/Bangkok"/>
    <property name="java.awt.printerjob" value="sun.lwawt.macosx.CPrinterJob"/>
    <property name="java.specification.version" value="1.8"/>
    <property name="file.encoding" value="UTF-8"/>
    <property name="user.name" value="socool"/>
    <property name="java.class.path" value="/usr/local/Cellar/maven/3.5.3/libexec/boot/plexus-classworlds-2.5.2.jar"/>
    <property name="java.vm.specification.version" value="1.8"/>
    <property name="sun.arch.data.model" value="64"/>
    <property name="java.home" value="/Users/socool/.sdkman/candidates/java/8.0.181-zulu/jre"/>
    <property name="sun.java.command" value="org.codehaus.plexus.classworlds.launcher.Launcher test"/>
    <property name="java.specification.vendor" value="Oracle Corporation"/>
    <property name="user.language" value="en"/>
    <property name="awt.toolkit" value="sun.lwawt.macosx.LWCToolkit"/>
    <property name="java.vm.info" value="mixed mode"/>
    <property name="java.version" value="1.8.0_181"/>
    <property name="java.ext.dirs" value="/Users/socool/Library/Java/Extensions:/Users/socool/.sdkman/candidates/java/8.0.181-zulu/jre/lib/ext:/Library/Java/Extensions:/Network/Library/Java/Extensions:/System/Library/Java/Extensions:/usr/lib/java"/>
    <property name="sun.boot.class.path" value="/Users/socool/.sdkman/candidates/java/8.0.181-zulu/jre/lib/resources.jar:/Users/socool/.sdkman/candidates/java/8.0.181-zulu/jre/lib/rt.jar:/Users/socool/.sdkman/candidates/java/8.0.181-zulu/jre/lib/sunrsasign.jar:/Users/socool/.sdkman/candidates/java/8.0.181-zulu/jre/lib/jsse.jar:/Users/socool/.sdkman/candidates/java/8.0.181-zulu/jre/lib/jce.jar:/Users/socool/.sdkman/candidates/java/8.0.181-zulu/jre/lib/charsets.jar:/Users/socool/.sdkman/candidates/java/8.0.181-zulu/jre/lib/jfr.jar:/Users/socool/.sdkman/candidates/java/8.0.181-zulu/jre/classes"/>
    <property name="java.vendor" value="Azul Systems, Inc."/>
    <property name="maven.home" value="/usr/local/Cellar/maven/3.5.3/libexec"/>
    <property name="file.separator" value="/"/>
    <property name="java.vendor.url.bug" value="http://www.azulsystems.com/support/"/>
    <property name="sun.cpu.endian" value="little"/>
    <property name="sun.io.unicode.encoding" value="UnicodeBig"/>
    <property name="socksNonProxyHosts" value="local|*.local|169.254/16|*.169.254/16"/>
    <property name="ftp.nonProxyHosts" value="local|*.local|169.254/16|*.169.254/16"/>
    <property name="sun.cpu.isalist" value=""/>
  </properties>
  <testcase classname="com.bcorpse.TestHelloOptional" name="map_with_nulls_test" time="0.099"/>
  <testcase classname="com.bcorpse.TestHelloOptional" name="optional_or_else_throw_test" time="0.002"/>
  <testcase classname="com.bcorpse.TestHelloOptional" name="optional_flat_map_test" time="0.002"/>
  <testcase classname="com.bcorpse.TestHelloOptional" name="optional_of_nullable_with_null_test" time="0.001"/>
  <testcase classname="com.bcorpse.TestHelloOptional" name="optional_filter_test" time="0.002"/>
  <testcase classname="com.bcorpse.TestHelloOptional" name="optional_map_substring_test" time="0.001"/>
  <testcase classname="com.bcorpse.TestHelloOptional" name="collect_optional_with_default_values_test" time="0.005"/>
  <testcase classname="com.bcorpse.TestHelloOptional" name="collect_optional_values_test" time="0.002"/>
  <testcase classname="com.bcorpse.TestHelloOptional" name="optional_map_test" time="0.004"/>
  <testcase classname="com.bcorpse.TestHelloOptional" name="optional_of_with_null_test" time="0"/>
  <testcase classname="com.bcorpse.TestHelloOptional" name="optional_is_present_add_to_list_without_get_test" time="0.009"/>
  <testcase classname="com.bcorpse.TestHelloOptional" name="optional_or_else_and_or_else_get_test" time="0.001"/>
</testsuite>